Case #1: [E, A]
Case #2: [R, I, R]
Case #3: [F, D, T]
Case #4: [Z, E, R, A]
Case #5: []
Case #6: [F, W, Y, Y, W, P, V, L, D]
Case #7: [A, W, A, R, E, N, E, S, S]
Case #8: [R]
Case #9: [E, Q]
Case #10: [L, U, F, L]
Case #11: [R, C, D, E, C, A, K, E, I, S, A, L, I, E]
Case #12: []
Case #13: [L]
Case #14: [T, Q]
Case #15: [Q, W, D, D, B]
Case #16: [Q]
Case #17: []
Case #18: [F]
Case #19: []
Case #20: [Q]
Case #21: [W, W]
Case #22: [E]
Case #23: [F, L, D]
Case #24: [N, B, X, A, E]
Case #25: [I, P, C, I, R]
Case #26: [J]
Case #27: [K, W]
Case #28: [H, M, D]
Case #29: [Y, S, H, E]
Case #30: []
Case #31: [W, V, F, E]
Case #32: [Q]
Case #33: [D, D]
Case #34: [D]
Case #35: [R, V, I, D, Q, P]
Case #36: [A, A, A, A, A, A, A, A, A, A]
Case #37: [B, E, S, U, R, E, T, O, D, R, I, W, F, D, D, W, D, O, U, R, O, V, A, S, S, T, I, W, F, E]
Case #38: []
Case #39: []
Case #40: [E, D]
Case #41: [W, P, F, D]
Case #42: [A, R, A, J, R, D, S, S, A, S]
Case #43: [D, Y, F, S]
Case #44: [S, H, A, W, P, P, F, R, I]
Case #45: [B, R, P]
Case #46: [B, D, D, S]
Case #47: []
Case #48: [Q, Q, W, E, R, G, D, F, S]
Case #49: []
Case #50: []
Case #51: [P, W, R, W, E, S]
Case #52: []
Case #53: [W, R, A, I, A, I, A, P, S, P, I, W, A, D, U, A, X, L, Q, E, Q, E, P, A, L, R, J, A, A, A, Q, S, S, W, W, E, D, X, V, R, Q, S, P, W, J, S, Q, P, W, W, S, U, Z, A, S, S, A, Q, W, R, S, S, W, E, E, W, S, W, W, E, L, D]
Case #54: [E]
Case #55: [Q, S]
Case #56: [N, O, E, Q, F, A, E]
Case #57: [W, Q, Q]
Case #58: []
Case #59: [F]
Case #60: [B]
Case #61: [U, S, D, U, I]
Case #62: [D, A, A]
Case #63: [F, R, I, D, A, Y, F, R, I, D, A, Y, G, O, T, T, A, G, I, W, D, O, W, S, A, O, S, A, F, R, I, D, A, Y]
Case #64: [S, S, A, W, A, Z, Z, R, A, Z, Z, Q, R, R, Q, S, R, S, W, Z, A, W, S, Z, Z, A, R, Q, Q, W, A, Z, R, S, Z, E, Z, S, E, R, R, Z, Q, S, Z, Z, S, A, Q, Q, R, A, Z, Z, S, F, Z, A, Z, Q, E, A, Z, Z, S, Z, Z, W, W, A, W]
Case #65: []
Case #66: [H, C, P, Q, Q]
Case #67: [N, D]
Case #68: [E, R]
Case #69: [E, N, R]
Case #70: [D, R, P, P, S]
Case #71: [R, I]
Case #72: []
Case #73: [K]
Case #74: [K, A, S]
Case #75: []
Case #76: [E, D]
Case #77: []
Case #78: [D, K, Q]
Case #79: [S, H, H, W, S, F, W, S, J, Q, E]
Case #80: [D, E, A, F, D, E, A, R, S]
Case #81: [I]
Case #82: [M, F, D]
Case #83: [U, E, E, K, K, E, Z]
Case #84: [O, U, Q, H, W, M, W]
Case #85: [R]
Case #86: [V, G]
Case #87: [Z, Z, Z, Z, Z]
Case #88: [C]
Case #89: [W, S, T, T, Q]
Case #90: [D, D, L, A, S, D, A, S, R]
Case #91: [T, N]
Case #92: [R, R, Q, W]
Case #93: [S, F, W, A, E, F]
Case #94: [E, I]
Case #95: []
Case #96: [I, W, R, A]
Case #97: [N, A, N, A, N, A, N, A, N, A, N, A, N, A, N, A, N, A, N, A, N, A, N, A, N, A, N, A, N, A, N, A, N, A, N, A, N, A, N, A, B, A, T, M, A, N]
Case #98: []
Case #99: [B, G, A, A, F]
Case #100: [W, H, W, C, F, H, S, E, A, E, W, S, H, O, U, L, D, W, F, E, W, A, A, A, A, A, A, A, A, A, A, A, A, A, A, A, A, A, A, A, A, A, A, A, A, A, A, A, A, A, A, A, A, A, A, A, A, A, A, A, A, A, A, A, A, A, K, A, E]
