Case #1: [E, A]
Case #2: [R, I, R]
Case #3: [F, D, T]
Case #4: [Z, E, R, A]
Case #5: []
Case #6: [G, H, Z, D, I, Q, Q]
Case #7: [Q, J]
Case #8: [Q]
Case #9: [E, K]
Case #10: [E, R, H, E, C, A, K, E, I, S, A, R, D, I, E]
Case #11: [K, E, R]
Case #12: [Q, S, R, Z, Q, R, D, W, E, D, W, A, Z, Z, Q, E, A, Z, A, S, A, Z, F, A, A, R, A, R, A, E, W, W, A, S, R, Z, F, F, D, F, F, A, R, S, E, Z, F, A, F, A, R, S, F, F, D, Z, R, S, D, W, S, Q, W, Z, D, Q, W, S, Z, F, A, S, Q, S, A, A, Z, Z, Z, Z, W, D]
Case #13: [A, W, A, R, E, N, E, S, S]
Case #14: []
Case #15: []
Case #16: [P, A, R, R, S, S, R, R]
Case #17: [S]
Case #18: []
Case #19: [D, R, P, P, S]
Case #20: [E, A, S, A, P, P, A]
Case #21: [Q, Q, J, I]
Case #22: [A]
Case #23: [Q]
Case #24: [E, D]
Case #25: [H, T]
Case #26: [M, W, W, A]
Case #27: [A]
Case #28: [U, A, B]
Case #29: []
Case #30: [K, Z, K, H]
Case #31: [U, W, T]
Case #32: []
Case #33: [F]
Case #34: [H, W, H, R, Q, D, E, E]
Case #35: [R]
Case #36: []
Case #37: [D]
Case #38: [Q]
Case #39: [W]
Case #40: []
Case #41: [D, E, A, F, D, E, A, R, S]
Case #42: [W, W]
Case #43: [C, V, O, M, V, S]
Case #44: [Q, Q, W, E, R, G, D, F, S]
Case #45: [S, R]
Case #46: [S, L, S, F]
Case #47: [K]
Case #48: [Z, Z, Z, Z, Z]
Case #49: [F, R, I, D, A, Y, F, R, I, D, A, Y, G, S, G, T, A, A, G, E, T, D, S, G, N, S, F, N, F, R, I, D, A, Y]
Case #50: []
Case #51: [I, Q, Q, H]
Case #52: [F, E, E, E]
Case #53: []
Case #54: [A, A, A, A, A, A, A, A, A, A]
Case #55: [F, C, A, A, A, F, E, E]
Case #56: [A, S, C, Y]
Case #57: []
Case #58: [E]
Case #59: []
Case #60: [R, D]
Case #61: [F, N, W, F]
Case #62: [E, D, W, E, E, S, K, L, W, A, Q, D, A, W, R, C, E, L, Q, D, D, L]
Case #63: [S, S, R, J, G]
Case #64: [O, U, K, A]
Case #65: [L, G, I, A, A]
Case #66: [F, D, F, A, S, E]
Case #67: [V, W, U]
Case #68: []
Case #69: [E, F, Z, C, C, A, J, A, J, A, Z, F, C, A, E, F, F, F, R, Q, F, D, A, J, B, H, E, C, A, B, F, U, W, J, S, D, H, Q, F, Q, F, Q, E, Z, C, Q, D, E, E, F, Q, F, R, D, A, A, G, R, Q, H, W, W, B, D]
Case #70: [G, A, A]
Case #71: []
Case #72: [Z]
Case #73: [U, K]
Case #74: [L, V, W, A, J, F, A, D, D, R, A, R, S, W, I, F, O, E, H, E, S, H, V, F, I, F, J, H, G, D, L, S, W, J, I, S, V, F, I, R, B, O, A, D, F, A, A, D, Q, S, U, U, V, E, D, R, D, G, L, G, A, D, F, F]
Case #75: [S, S]
Case #76: [Q, R, S, Q]
Case #77: []
Case #78: []
Case #79: [F, P, F]
Case #80: [D, W]
Case #81: [D]
Case #82: [I, U, E]
Case #83: [K]
Case #84: [B, E, S, U, R, B, L, B, R, I, A, E, K, Y, O, U, R, O, V, A, L, T, I, A, E, E]
Case #85: []
Case #86: [F, I, R, S]
Case #87: []
Case #88: [E, D]
Case #89: [R, U, I, Q, A]
Case #90: [O, F, B, D, E]
Case #91: [W, H, I, C, H, S, E, A, T, S, H, O, F, H, Q, D, I, T, A, A, A, A, A, A, A, A, A, A, A, A, A, A, A, A, A, A, A, A, A, A, A, A, A, A, A, A, A, A, A, A, A, A, A, A, A, A, A, A, A, A, A, A, A, K, A, E]
Case #92: []
Case #93: [N, A, N, A, N, A, N, A, N, A, N, A, N, A, N, A, N, A, N, A, N, A, N, A, N, A, N, A, N, A, N, A, N, A, N, A, N, A, N, A, B, A, E, M, Q, A, N]
Case #94: [U, U, C, C, B, A, R, N, A, A, A]
Case #95: [I, I, Z, W, Q]
Case #96: [D, W, W, A, A, Q]
Case #97: [E, Q]
Case #98: []
Case #99: [D, D]
Case #100: [A, Q, S, E, Q, E, O, E, E, E, H, A, S, R, R, S, Q, W, E, W, S, T, A, R, R, S, R, S, Q, M, W, A, R, A, D, T, E, R, D, F, D, O, S, Q, S, T, S, E, W, S, B, A, Q, Q, S, Z, N, G, Q, E, R, I, W, A, S, E, Z, Q, Q, S, A, F, F, N, S, S, S, S]
