Case #1: [E, A]
Case #2: [R, I, R]
Case #3: [F, D, T]
Case #4: [Z, E, R, A]
Case #5: []
Case #6: [F, Q, E]
Case #7: [Q, Q, W, E, R, G, D, F, S]
Case #8: [R, F, F, A, S, F, S, N, D]
Case #9: [Q, S, Q, A]
Case #10: [B, E, R, W, D]
Case #11: [E, U, W, S, D, E, F, Q, E]
Case #12: []
Case #13: [W, F, W, E, A, L, S, R, A]
Case #14: [W, C, D, E, R, W, Q, W, R]
Case #15: [F, Q, W, M, Q]
Case #16: [Q, Q, R, E, D, W, O, R, E]
Case #17: [J, E, J, D, R, S, Q, A]
Case #18: [S, F, F]
Case #19: [L, F, S, R, A, E, S, E, E]
Case #20: [Q, R, R, W, E, S, M, A, S]
Case #21: [W, M]
Case #22: [S, F, W, P, Q, F, F, S, W]
Case #23: [W, A, Q, A, R, E]
Case #24: [E, F, A, E, S, R, R, M, W]
Case #25: [W, E, Y, D, F, D, A, S, W]
Case #26: []
Case #27: [A, D, S]
Case #28: [W, Q, M, E, Q, A, E, A, D]
Case #29: [W, A, M, R, F, A, F, A, Q]
Case #30: [W, W, K, W]
Case #31: [E, D]
Case #32: [F, M, F]
Case #33: [Q, R, E, P, Q, S, S, Q, A]
Case #34: [W, A, A, W, Q, R, W, D, P]
Case #35: [D, W, R, W, W, R, V, W, E]
Case #36: [N, D]
Case #37: [Q, Q, A]
Case #38: [D, A]
Case #39: [D, D, S, L, D, L, W, E]
Case #40: [R, A, A, R, M, Q, Q, D, E]
Case #41: [R, Q, A, F, F, D, F, D, H]
Case #42: [K, K, D, Q, W, Q, W, E]
Case #43: [E, E, A, W, F, I, F, R, W]
Case #44: [A, A, B, S, Q]
Case #45: [A, D, D, R, N, W, W, S, D]
Case #46: [L]
Case #47: []
Case #48: [S, W, W, W, E, A, N, S, R]
Case #49: [A, Z, S, F, R, A, D, Q, E]
Case #50: [Q, Y, R, Q, F, D, A, D, R]
Case #51: [R, D, M, W, R, W, E, F, E]
Case #52: [Q, D, F, O, D, Q, Q, F, F]
Case #53: [R, D, E, E, D, R, N, F, W]
Case #54: [Z, Z, Z, Z, Z]
Case #55: [B, D, E, E, D, D]
Case #56: [A, Q, S, F, W, A, R, Y, D]
Case #57: [R, F, D]
Case #58: [F]
Case #59: [W, P, A, E, R]
Case #60: [A, F, F, Q, R, M, D, Q, A]
Case #61: [R, F, K, W, A, E, F, F, Q]
Case #62: [D]
Case #63: [D]
Case #64: [W, F, F, Q, R, F, F, R, M]
Case #65: [F, D, A, A, A, B, W, Q, F]
Case #66: [S, S, S, Q, Q, Q, V, D, Q]
Case #67: [S, P, Q, W, E, D, A]
Case #68: []
Case #69: [D, S, U, W, U, E, S, F]
Case #70: [Q, Q, E, D, P, R, E, W, R]
Case #71: [A, E, B, D, F, R, D, D, W]
Case #72: [A, D, S, W, Q, R, D, S, H]
Case #73: [Q, W, R, P, D, Q, S, P]
Case #74: [F, M, D, W, M, Q, W, W]
Case #75: [W, S, W, R]
Case #76: [Q, R, A, A, Z, E, R, R, A]
Case #77: [D, E, A, F, D, E, A, R, S]
Case #78: [A, W, A, R, E, N, E, S, S]
Case #79: [U, W, S, W, U, D, E, F]
Case #80: [A, A, A, M, Q, A, Q, F, A]
Case #81: [W]
Case #82: [S, S, S, M, M, Q, F, W]
Case #83: []
Case #84: [F, F, E, N, R, R, D, S, S]
Case #85: [R, Q, Q]
Case #86: [D, R, P, P, S]
Case #87: [F, X, S, W, W, F]
Case #88: [D, Q, Q, E, S, G, S, E, D]
Case #89: [D, D, W, L, A, D, A, A, D]
Case #90: [A, A, A, A, A, A, A, A, A, A]
Case #91: [X, D]
Case #92: [S, Q, Q, C, F, W, C, Q]
Case #93: [P, E]
Case #94: [S, E, E, A]
Case #95: [W, E, R, R, J, S]
Case #96: [Q, Q, E, R, R, E, D, D, J]
Case #97: [S, Q, A, C, Q, W, A, A, Q]
Case #98: [Q, T, W, A, R, D, A, W, S]
Case #99: [E, D, A, Q, W, R]
Case #100: [W, A, E, F, Q, Y, A, S, S]
