Case #1:
a a b c 
a b b c 
d d d c 
d d d d 

Case #2:
a a a a a a b 
a c d a a a a 
c c d a a a a 
e e d d d d a 

Case #3:
a b c ` 
b b c d 
e e e d 
f g g g 
f f f f 

Case #4:
a a a a b 
c c c b b 

Case #5:

Case #6:
a a a 
a a a 

Case #7:
a a a a 
b c a d 
b b d d 
e e ` d 
` e e e 

Case #8:
a a a a a 
b b b b b 

Case #9:
a a ` b 
a a b b 
a a b b 
` c c b 
d d d b 

Case #10:
a b c c d e 
f b g h d d 
f b b b b d 
i i j b b b 
` j j j b b 
k l ` j j b 
k l m m m m 

Case #11:
a a 
a a 
a a 

Case #12:
a b 
a a 
` a 

Case #13:
a ` b b 
a c c c 
a c c c 

Case #14:
a a a ` ` 
b c a a d 
b c c c d 
b c c c c 
c c c c c 
e c c c c 
e c c f c 
e e e e e 
` e e e e 

Case #15:
a b 
b b 
c ` 
c c 
c c 
d c 
d e 
e e 
` e 

Case #16:
a a a a a ` b ` ` 
c a d d e f f f g 
c a a e e e e e g 

Case #17:
a 
a 

Case #18:

Case #19:
a 
a 

Case #20:
a b c d e f 
a a a a e f 

Case #21:
a b c c c 
a b b c c 
a b d e c 
a a a e c 
f g e e e 
f g e e e 

Case #22:
a b c d d 
` b b b e 
f f f f f 
g g g g g 

Case #23:
a b c d e f f 
a a a a a a f 

Case #24:
a b ` c d e 
a b b b b b 
a a f g g g 
a a a a h g 
a i a h h g 
a a a j h g 
a a a a h g 

Case #25:
a a a a a a b c 
a a a a a b b c 
a a a a a a a c 
d ` a e f g g c 
d d d d d d g h 
i i j k l d g h 
i i i i l d d d 

Case #26:
a a 
a b 
b b 

Case #27:
a a b b 
a a c c 
a a d c 
a a d c 
a a a a 

Case #28:
a 
a 

Case #29:
a 
a 

Case #30:
a b ` 
a b ` 

Case #31:
a a 
b c 
b b 

Case #32:
a b 
c b 
c b 

Case #33:
a b c 
a a c 

Case #34:
a a a a 
` b a a 
b b a a 

Case #35:
a b b b c c 
a a a b c c 
a a a d e f 
a a a d e f 
a a a a e e 
a g g a e e 

Case #36:
a a a 

Case #37:
a a 
b a 
b b 
b b 
` b 
c d 
c d 
c c 

Case #38:
a 
a 
a 
b 
b 
b 
b 
b 
c 

Case #39:

Case #40:
a b c c c c d 
a b e e f c d 
a g ` h f f f 
i g g g g g g 
i i j g g g g 
i i j k k l m 
n o j p l l m 
n o j p ` l ` 
o o o ` ` ` ` 

Case #41:
a 
a 

Case #42:
a b c d ` e e 
a a c d d d f 
` a c g h d f 
i i i i h h h 

Case #43:
a 
a 

Case #44:
a a 

Case #45:
a b b b 
` c b b 
` d d b 
e e e f 
e e e e 

Case #46:
a b b 
a a a 
a a a 
a a a 
a a a 
a a a 
a a a 
a a a 

Case #47:
a b b 
a a a 
a a a 
a c c 

Case #48:
a b c d ` ` e e 
a a c d d ` f g 
h a i d d f f f 
h a i j k l m n 
h a i j k l m n 
h i i i o ` ` ` 
` ` i o o o p q 
r s i o o o t q 
r r i o o o t q 

Case #49:

Case #50:
a 
a 

Case #51:
a b b 
a b b 

Case #52:
a a b b c c c 
d a a e c c c 
d a a a a a a 
d a f a g a a 
d d d d d d d 

Case #53:
a a a b c 
a a a a c 

Case #54:
a a a a a b b ` 
a a a a a a a c 

Case #55:
a b b 
a a a 

Case #56:


Case #57:
a b ` 
a b c 

Case #58:
a b c ` ` 
b b b b b 
b b b b b 
b b d e f 
b b b b b 

Case #59:
a b c d d d d 
a b c e f d d 
b b b e f d g 
h b b b b b g 
h b i j b b b 
h h i j b b b 

Case #60:
a a a 
a a a 
a b c 
a a a 

Case #61:
a b c d ` 
a a c d d 
a a c d ` 
a a c d e 

Case #62:
a b c d 
a b c d 
a b b e 
a a b e 
f f f f 
g g g g 
h h h h 
i i i i 
j j i i 

Case #63:
a 
a 

Case #64:
a b c 
a b c 
a a a 
d e a 
d e f 
d d f 

Case #65:
a b c c c c c d d 
a b e ` c f f g d 
h b e e c c i g d 
h h h h h i i i i 

Case #66:
a b c c 
a b b d 
a b b b 

Case #67:
a b c 
a a a 

Case #68:
a a b 
` b b 

Case #69:
a ` b c c 
a d b b c 
e f g b c 
e f g g c 
e f g g c 
e f f g c 
e f f g c 
e e f g g 

Case #70:
a a 

Case #71:

Case #72:
a b c 
a b c 
` d c 

Case #73:
a b c d ` 
e b c d f 
e b b b f 
e e b b b 
` g h h b 
i j j h b 

Case #74:
a ` ` b 
a a a c 
a a a c 

Case #75:


Case #76:
a ` b c c c d d d 
a ` b e c c c d d 
a a e e c c c c ` 
a a f e g h c c i 
a a f e e h c ` i 
a a f f e j c c k 
l l l f f f f c c 
` l l l f f f f c 

Case #77:
a a b c 
a b b b 
a a a a 

Case #78:
a a 
a b 
c b 
c b 

Case #79:
a a 

Case #80:
a 
` 
b 
b 
b 
b 

Case #81:
a b c d e f g 
a b c d e f g 
a b c d e f g 
a b c d e f g 
a a a a e f g 
h h h h e f g 

Case #82:
a b ` c 
d b b e 
d d e e 

Case #83:
a 
a 

Case #84:
a a a b c c c d e 
f a g b h c c d e 
f g g b b c d d d 

Case #85:
a ` 

Case #86:
a b ` c ` 
b b b b d 
b b b b b 
e f f f f 
e g h h h 
g g g g g 

Case #87:
a 
a 

Case #88:
a ` 
a a 
a a 

Case #89:
a a a 
b b c 
d b c 
d d c 

Case #90:
a a 
b c 
b b 

Case #91:
a a a 
b b a 

Case #92:
a b b b 
a a b b 
` a a b 

Case #93:
a b ` c d ` ` 
a b b b b b b 
a a e b b b f 
a a a a a a a 
a g a a a h h 
a a a a a a h 

Case #94:
a b c ` d e f 
a b c c g e f 
a b c c c c f 
b b c c c c f 
` h h h c c f 
` i h h c c f 

Case #95:
a a ` b b c c c 
` d d d d e c c 
f g d h d e e c 
f g d d d d e c 
f f f f i i e j 
k f f f f i j j 
k f l l i i i i 

Case #96:
a b c c 
a b b c 
a a a a 

Case #97:
a b c 
a b c 

Case #98:
a a 
b c 
b c 
b b 
b b 

Case #99:
a b c d e f f f f 
a b c d e g h i j 
k l m n e g h i j 
k l m n ` ` ` ` ` 
` ` ` ` ` ` ` ` ` 
` ` ` ` ` ` ` ` ` 
` ` ` ` ` ` ` ` ` 
` ` ` ` ` ` ` ` ` 

Case #100:
a ` ` ` ` ` ` ` ` 
` ` ` ` ` ` ` ` ` 
` ` ` ` ` ` ` ` ` 
` ` ` ` ` ` ` ` ` 
` ` ` ` ` ` ` ` ` 
` ` ` ` ` ` ` ` ` 
` ` ` ` ` ` ` ` ` 
` ` ` ` ` ` ` ` ` 

